<?xml version="1.0" encoding="UTF-8"?>
<testng-results skipped="0" failed="1" ignored="0" total="1" passed="0">
  <reporter-output>
  </reporter-output>
  <suite name="Default suite" duration-ms="36271" started-at="2018-06-16T20:20:32Z" finished-at="2018-06-16T20:21:08Z">
    <groups>
    </groups>
    <test name="Default test" duration-ms="36271" started-at="2018-06-16T20:20:32Z" finished-at="2018-06-16T20:21:08Z">
      <class name="com.Automation.homepage.TC03_VerifyAddToCart">
        <test-method status="PASS" signature="setup()[pri:0, instance:com.Automation.homepage.TC03_VerifyAddToCart@11161c7]" name="setup" is-config="true" duration-ms="27083" started-at="2018-06-16T21:20:32Z" finished-at="2018-06-16T21:20:59Z">
          <reporter-output>
          </reporter-output>
        </test-method> <!-- setup -->
        <test-method status="FAIL" signature="VerifyAddToCart()[pri:0, instance:com.Automation.homepage.TC03_VerifyAddToCart@11161c7]" name="VerifyAddToCart" duration-ms="8898" started-at="2018-06-16T21:20:59Z" finished-at="2018-06-16T21:21:08Z">
          <exception class="org.openqa.selenium.NoSuchElementException">
            <message>
              <![CDATA[Unable to locate element: .//*[@id='selectProductSort']
For documentation on this error, please visit: http://seleniumhq.org/exceptions/no_such_element.html
Build info: version: '3.4.0', revision: 'unknown', time: 'unknown'
System info: host: 'HEAVEN-PC', ip: '192.168.0.11', os.name: 'Windows 7', os.arch: 'x86', os.version: '6.1', java.version: '1.8.0_91'
Driver info: org.openqa.selenium.firefox.FirefoxDriver
Capabilities [{rotatable=false, raisesAccessibilityExceptions=false, appBuildId=20160502172042, version=46.0.1, platform=XP, proxy=Proxy(), specificationLevel=1, acceptSslCerts=false, browserVersion=46.0.1, platformVersion=6.1, XULappId={ec8030f7-c20a-464f-9b0e-13a3a9e97384}, browserName=Firefox, takesScreenshot=true, takesElementScreenshot=true, javascriptEnabled=true, platformName=Windows_NT, device=desktop}]
Session ID: ba872271-5161-4f1e-ae92-a486343e909b
*** Element info: {Using=xpath, value=.//*[@id='selectProductSort']}]]>
            </message>
            <full-stacktrace>
              <![CDATA[org.openqa.selenium.NoSuchElementException: Unable to locate element: .//*[@id='selectProductSort']
For documentation on this error, please visit: http://seleniumhq.org/exceptions/no_such_element.html
Build info: version: '3.4.0', revision: 'unknown', time: 'unknown'
System info: host: 'HEAVEN-PC', ip: '192.168.0.11', os.name: 'Windows 7', os.arch: 'x86', os.version: '6.1', java.version: '1.8.0_91'
Driver info: org.openqa.selenium.firefox.FirefoxDriver
Capabilities [{rotatable=false, raisesAccessibilityExceptions=false, appBuildId=20160502172042, version=46.0.1, platform=XP, proxy=Proxy(), specificationLevel=1, acceptSslCerts=false, browserVersion=46.0.1, platformVersion=6.1, XULappId={ec8030f7-c20a-464f-9b0e-13a3a9e97384}, browserName=Firefox, takesScreenshot=true, takesElementScreenshot=true, javascriptEnabled=true, platformName=Windows_NT, device=desktop}]
Session ID: ba872271-5161-4f1e-ae92-a486343e909b
*** Element info: {Using=xpath, value=.//*[@id='selectProductSort']}
	at sun.reflect.NativeConstructorAccessorImpl.newInstance0(Native Method)
	at sun.reflect.NativeConstructorAccessorImpl.newInstance(NativeConstructorAccessorImpl.java:62)
	at sun.reflect.DelegatingConstructorAccessorImpl.newInstance(DelegatingConstructorAccessorImpl.java:45)
	at java.lang.reflect.Constructor.newInstance(Constructor.java:423)
	at org.openqa.selenium.remote.http.W3CHttpResponseCodec.createException(W3CHttpResponseCodec.java:150)
	at org.openqa.selenium.remote.http.W3CHttpResponseCodec.decode(W3CHttpResponseCodec.java:115)
	at org.openqa.selenium.remote.http.W3CHttpResponseCodec.decode(W3CHttpResponseCodec.java:45)
	at org.openqa.selenium.remote.HttpCommandExecutor.execute(HttpCommandExecutor.java:164)
	at org.openqa.selenium.remote.service.DriverCommandExecutor.execute(DriverCommandExecutor.java:82)
	at org.openqa.selenium.remote.RemoteWebDriver.execute(RemoteWebDriver.java:637)
	at org.openqa.selenium.remote.RemoteWebDriver.findElement(RemoteWebDriver.java:410)
	at org.openqa.selenium.remote.RemoteWebDriver.findElementByXPath(RemoteWebDriver.java:509)
	at org.openqa.selenium.By$ByXPath.findElement(By.java:361)
	at org.openqa.selenium.remote.RemoteWebDriver.findElement(RemoteWebDriver.java:402)
	at com.Automation.uiActions.HomePage.dropdown(HomePage.java:112)
	at com.Automation.homepage.TC03_VerifyAddToCart.VerifyAddToCart(TC03_VerifyAddToCart.java:30)
	at sun.reflect.NativeMethodAccessorImpl.invoke0(Native Method)
	at sun.reflect.NativeMethodAccessorImpl.invoke(NativeMethodAccessorImpl.java:62)
	at sun.reflect.DelegatingMethodAccessorImpl.invoke(DelegatingMethodAccessorImpl.java:43)
	at java.lang.reflect.Method.invoke(Method.java:498)
	at org.testng.internal.MethodInvocationHelper.invokeMethod(MethodInvocationHelper.java:108)
	at org.testng.internal.Invoker.invokeMethod(Invoker.java:661)
	at org.testng.internal.Invoker.invokeTestMethod(Invoker.java:869)
	at org.testng.internal.Invoker.invokeTestMethods(Invoker.java:1193)
	at org.testng.internal.TestMethodWorker.invokeTestMethods(TestMethodWorker.java:126)
	at org.testng.internal.TestMethodWorker.run(TestMethodWorker.java:109)
	at org.testng.TestRunner.privateRun(TestRunner.java:744)
	at org.testng.TestRunner.run(TestRunner.java:602)
	at org.testng.SuiteRunner.runTest(SuiteRunner.java:380)
	at org.testng.SuiteRunner.runSequentially(SuiteRunner.java:375)
	at org.testng.SuiteRunner.privateRun(SuiteRunner.java:340)
	at org.testng.SuiteRunner.run(SuiteRunner.java:289)
	at org.testng.SuiteRunnerWorker.runSuite(SuiteRunnerWorker.java:52)
	at org.testng.SuiteRunnerWorker.run(SuiteRunnerWorker.java:86)
	at org.testng.TestNG.runSuitesSequentially(TestNG.java:1301)
	at org.testng.TestNG.runSuitesLocally(TestNG.java:1226)
	at org.testng.TestNG.runSuites(TestNG.java:1144)
	at org.testng.TestNG.run(TestNG.java:1115)
	at org.testng.remote.AbstractRemoteTestNG.run(AbstractRemoteTestNG.java:132)
	at org.testng.remote.RemoteTestNG.initAndRun(RemoteTestNG.java:230)
	at org.testng.remote.RemoteTestNG.main(RemoteTestNG.java:76)
]]>
            </full-stacktrace>
          </exception> <!-- org.openqa.selenium.NoSuchElementException -->
          <reporter-output>
          </reporter-output>
        </test-method> <!-- VerifyAddToCart -->
        <test-method status="PASS" signature="endTest()[pri:0, instance:com.Automation.homepage.TC03_VerifyAddToCart@11161c7]" name="endTest" is-config="true" duration-ms="47" started-at="2018-06-16T21:21:08Z" finished-at="2018-06-16T21:21:08Z">
          <reporter-output>
          </reporter-output>
        </test-method> <!-- endTest -->
      </class> <!-- com.Automation.homepage.TC03_VerifyAddToCart -->
    </test> <!-- Default test -->
  </suite> <!-- Default suite -->
</testng-results>
